<?xml version="1.0" encoding="UTF-8"?>
<testsuite xmlns:xsi="http://www.w3.org/2001/XMLSchema-instance" xsi:noNamespaceSchemaLocation="https://maven.apache.org/surefire/maven-surefire-plugin/xsd/surefire-test-report.xsd" name="com.mkd.devopsdemo.CalculatorTest" time="0.032" tests="2" errors="0" skipped="0" failures="0">
  <properties>
[...]
</properties>
  <testcase name="addWithInverseShouldReturnZero" classname="com.mkd.devopsdemo.CalculatorTest" time="0.022"/>
  <testcase name="subtractionOfEqualNumbersShouldBeZero" classname="com.mkd.devopsdemo.CalculatorTest" time="0"/>
</testsuite>